<?xml version="1.0" encoding="UTF-8" ?>
<testsuite tests="25" failures="0" name="Runner.SearchTest" time="4.759" errors="0" skipped="0">
  <properties>
    <property name="java.runtime.name" value="Java(TM) SE Runtime Environment"/>
    <property name="java.vm.version" value="15.0.2+7-27"/>
    <property name="sun.boot.library.path" value="C:\Program Files\Java\jdk-15.0.2\bin"/>
    <property name="user.country.format" value="SE"/>
    <property name="maven.multiModuleProjectDirectory" value="C:\Users\bolia\Documents\SEOAutomationLeica"/>
    <property name="java.vm.vendor" value="Oracle Corporation"/>
    <property name="java.vendor.url" value="https://java.oracle.com/"/>
    <property name="guice.disable.misplaced.annotation.check" value="true"/>
    <property name="path.separator" value=";"/>
    <property name="java.vm.name" value="Java HotSpot(TM) 64-Bit Server VM"/>
    <property name="sun.os.patch.level" value=""/>
    <property name="user.script" value=""/>
    <property name="user.country" value="US"/>
    <property name="sun.java.launcher" value="SUN_STANDARD"/>
    <property name="java.vm.specification.name" value="Java Virtual Machine Specification"/>
    <property name="user.dir" value="C:\Users\bolia\Documents\SEOAutomationLeica"/>
    <property name="java.vm.compressedOopsMode" value="32-bit"/>
    <property name="java.runtime.version" value="15.0.2+7-27"/>
    <property name="os.arch" value="amd64"/>
    <property name="java.io.tmpdir" value="C:\Users\bolia\AppData\Local\Temp\"/>
    <property name="line.separator" value="
"/>
    <property name="java.vm.specification.vendor" value="Oracle Corporation"/>
    <property name="user.variant" value=""/>
    <property name="os.name" value="Windows 10"/>
    <property name="classworlds.conf" value="C:\Program Files\apache-maven-3.6.3\bin\..\bin\m2.conf"/>
    <property name="sun.jnu.encoding" value="Cp1252"/>
    <property name="java.library.path" value="C:\Program Files\Java\jdk-15.0.2\bin;C:\Windows\Sun\Java\bin;C:\Windows\system32;C:\Windows;C:\Program Files\Common Files\Oracle\Java\javapath;C:\Windows\system32;C:\Windows;C:\Windows\System32\Wbem;C:\Windows\System32\WindowsPowerShell\v1.0\;C:\Windows\System32\OpenSSH\;C:\Program Files\Java\jdk-15.0.2\bin;C:\Program Files\apache-maven-3.6.3\bin;C:\Users\bolia\AppData\Local\Microsoft\WindowsApps;;."/>
    <property name="maven.conf" value="C:\Program Files\apache-maven-3.6.3\bin\../conf"/>
    <property name="jdk.debug" value="release"/>
    <property name="java.class.version" value="59.0"/>
    <property name="java.specification.name" value="Java Platform API Specification"/>
    <property name="sun.management.compiler" value="HotSpot 64-Bit Tiered Compilers"/>
    <property name="os.version" value="10.0"/>
    <property name="library.jansi.path" value="C:\Program Files\apache-maven-3.6.3\bin\..\lib\jansi-native"/>
    <property name="user.home" value="C:\Users\bolia"/>
    <property name="user.timezone" value="Europe/Stockholm"/>
    <property name="file.encoding" value="UTF-8"/>
    <property name="java.specification.version" value="15"/>
    <property name="user.name" value="bolia"/>
    <property name="java.class.path" value="C:\Program Files\apache-maven-3.6.3\bin\..\boot\plexus-classworlds-2.6.0.jar"/>
    <property name="java.vm.specification.version" value="15"/>
    <property name="sun.arch.data.model" value="64"/>
    <property name="sun.java.command" value="org.codehaus.plexus.classworlds.launcher.Launcher clean install"/>
    <property name="java.home" value="C:\Program Files\Java\jdk-15.0.2"/>
    <property name="user.language" value="en"/>
    <property name="java.specification.vendor" value="Oracle Corporation"/>
    <property name="java.vm.info" value="mixed mode, sharing"/>
    <property name="java.version" value="15.0.2"/>
    <property name="java.vendor" value="Oracle Corporation"/>
    <property name="sun.stderr.encoding" value="cp437"/>
    <property name="maven.home" value="C:\Program Files\apache-maven-3.6.3\bin\.."/>
    <property name="file.separator" value="\"/>
    <property name="java.version.date" value="2021-01-19"/>
    <property name="java.vendor.url.bug" value="https://bugreport.java.com/bugreport/"/>
    <property name="sun.io.unicode.encoding" value="UnicodeLittle"/>
    <property name="sun.cpu.endian" value="little"/>
    <property name="sun.stdout.encoding" value="cp437"/>
    <property name="sun.cpu.isalist" value="amd64"/>
  </properties>
  <testcase classname="| &quot;Sweden&quot; | &quot;leica-geosystems.com/sv-se&quot; |" name="Given User is on Bing &quot;Sweden&quot; home page" time="0.003"/>
  <testcase classname="| &quot;Sweden&quot; | &quot;leica-geosystems.com/sv-se&quot; |" name="And User accepts cookie" time="0"/>
  <testcase classname="| &quot;Sweden&quot; | &quot;leica-geosystems.com/sv-se&quot; |" name="When User searches for &quot;leica geosystems&quot;" time="0"/>
  <testcase classname="| &quot;Sweden&quot; | &quot;leica-geosystems.com/sv-se&quot; |" name="And Verify that &quot;leica-geosystems.com/sv-se&quot; comes up as the first search result" time="0"/>
  <testcase classname="| &quot;Sweden&quot; | &quot;leica-geosystems.com/sv-se&quot; |" name="| &quot;Sweden&quot; | &quot;leica-geosystems.com/sv-se&quot; |" time="0.925"/>
  <testcase classname="| &quot;UK&quot; | &quot;leica-geosystems.com&quot; |" name="Given User is on Bing &quot;UK&quot; home page" time="0"/>
  <testcase classname="| &quot;UK&quot; | &quot;leica-geosystems.com&quot; |" name="And User accepts cookie" time="0"/>
  <testcase classname="| &quot;UK&quot; | &quot;leica-geosystems.com&quot; |" name="When User searches for &quot;leica geosystems&quot;" time="0"/>
  <testcase classname="| &quot;UK&quot; | &quot;leica-geosystems.com&quot; |" name="And Verify that &quot;leica-geosystems.com&quot; comes up as the first search result" time="0"/>
  <testcase classname="| &quot;UK&quot; | &quot;leica-geosystems.com&quot; |" name="| &quot;UK&quot; | &quot;leica-geosystems.com&quot; |" time="0.921"/>
  <testcase classname="| &quot;France&quot; | &quot;leica-geosystems.com/fr-FR&quot; |" name="Given User is on Bing &quot;France&quot; home page" time="0"/>
  <testcase classname="| &quot;France&quot; | &quot;leica-geosystems.com/fr-FR&quot; |" name="And User accepts cookie" time="0"/>
  <testcase classname="| &quot;France&quot; | &quot;leica-geosystems.com/fr-FR&quot; |" name="When User searches for &quot;leica geosystems&quot;" time="0"/>
  <testcase classname="| &quot;France&quot; | &quot;leica-geosystems.com/fr-FR&quot; |" name="And Verify that &quot;leica-geosystems.com/fr-FR&quot; comes up as the first search result" time="0"/>
  <testcase classname="| &quot;France&quot; | &quot;leica-geosystems.com/fr-FR&quot; |" name="| &quot;France&quot; | &quot;leica-geosystems.com/fr-FR&quot; |" time="0.897"/>
  <testcase classname="| &quot;Germany&quot; | &quot;leica-geosystems.com/de-de&quot; |" name="Given User is on Bing &quot;Germany&quot; home page" time="0"/>
  <testcase classname="| &quot;Germany&quot; | &quot;leica-geosystems.com/de-de&quot; |" name="And User accepts cookie" time="0"/>
  <testcase classname="| &quot;Germany&quot; | &quot;leica-geosystems.com/de-de&quot; |" name="When User searches for &quot;leica geosystems&quot;" time="0"/>
  <testcase classname="| &quot;Germany&quot; | &quot;leica-geosystems.com/de-de&quot; |" name="And Verify that &quot;leica-geosystems.com/de-de&quot; comes up as the first search result" time="0"/>
  <testcase classname="| &quot;Germany&quot; | &quot;leica-geosystems.com/de-de&quot; |" name="| &quot;Germany&quot; | &quot;leica-geosystems.com/de-de&quot; |" time="1.183"/>
  <testcase classname="Scenario: Searching from Bing home page" name="Given User is on Bing home page" time="0"/>
  <testcase classname="Scenario: Searching from Bing home page" name="And User accepts cookie" time="0"/>
  <testcase classname="Scenario: Searching from Bing home page" name="When User searches for &quot;leica geosystems&quot;" time="0"/>
  <testcase classname="Scenario: Searching from Bing home page" name="And Verify that &quot;leica-geosystems.com&quot; comes up as the first search result" time="0"/>
  <testcase classname="Scenario: Searching from Bing home page" name="Scenario: Searching from Bing home page" time="0.83"/>
</testsuite>